0 info it worked if it ends with ok
1 verbose cli [ 'D:\\Program Files\\nodejs\\node.exe',
1 verbose cli   'D:\\Program Files\\nodejs\\node_modules\\npm\\bin\\npm-cli.js',
1 verbose cli   'publish' ]
2 info using npm@3.10.10
3 info using node@v6.11.0
4 verbose publish [ '.' ]
5 silly cache add args [ '.', null ]
6 verbose cache add spec .
7 silly cache add parsed spec Result {
7 silly cache add   raw: '.',
7 silly cache add   scope: null,
7 silly cache add   escapedName: null,
7 silly cache add   name: null,
7 silly cache add   rawSpec: '.',
7 silly cache add   spec: 'D:\\feng\\workspace\\ts\\feng3dnpmtest',
7 silly cache add   type: 'directory' }
8 verbose addLocalDirectory C:\Users\admin\AppData\Roaming\npm-cache\feng3dnpmtest\1.0.0\package.tgz not in flight; packing
9 verbose correctMkdir C:\Users\admin\AppData\Roaming\npm-cache correctMkdir not in flight; initializing
10 info lifecycle feng3dnpmtest@1.0.0~prepublish: feng3dnpmtest@1.0.0
11 silly lifecycle feng3dnpmtest@1.0.0~prepublish: no script for prepublish, continuing
12 verbose tar pack [ 'C:\\Users\\admin\\AppData\\Roaming\\npm-cache\\feng3dnpmtest\\1.0.0\\package.tgz',
12 verbose tar pack   'D:\\feng\\workspace\\ts\\feng3dnpmtest' ]
13 verbose tarball C:\Users\admin\AppData\Roaming\npm-cache\feng3dnpmtest\1.0.0\package.tgz
14 verbose folder D:\feng\workspace\ts\feng3dnpmtest
15 verbose addLocalTarball adding from inside cache C:\Users\admin\AppData\Roaming\npm-cache\feng3dnpmtest\1.0.0\package.tgz
16 verbose correctMkdir C:\Users\admin\AppData\Roaming\npm-cache correctMkdir not in flight; initializing
17 silly cache afterAdd feng3dnpmtest@1.0.0
18 verbose afterAdd C:\Users\admin\AppData\Roaming\npm-cache\feng3dnpmtest\1.0.0\package\package.json not in flight; writing
19 verbose correctMkdir C:\Users\admin\AppData\Roaming\npm-cache correctMkdir not in flight; initializing
20 verbose afterAdd C:\Users\admin\AppData\Roaming\npm-cache\feng3dnpmtest\1.0.0\package\package.json written
21 silly publish { name: 'feng3dnpmtest',
21 silly publish   version: '1.0.0',
21 silly publish   description: '',
21 silly publish   main: 'index.js',
21 silly publish   types: 'index.d.ts',
21 silly publish   scripts: { test: 'echo "Error: no test specified" && exit 1' },
21 silly publish   repository:
21 silly publish    { type: 'git',
21 silly publish      url: 'git+https://github.com/wardenfeng/feng3dnpmtest.git' },
21 silly publish   keywords: [ 'feng3d' ],
21 silly publish   author: { name: 'feng' },
21 silly publish   license: 'ISC',
21 silly publish   bugs: { url: 'https://github.com/wardenfeng/feng3dnpmtest/issues' },
21 silly publish   homepage: 'https://github.com/wardenfeng/feng3dnpmtest#readme',
21 silly publish   dependencies: {},
21 silly publish   gitHead: '8fc765d7f400ae2a1a6c1746e6c367e6a1134101',
21 silly publish   readme: 'ERROR: No README data found!',
21 silly publish   _id: 'feng3dnpmtest@1.0.0',
21 silly publish   _shasum: '66ea5485383559c5fc04410463a1e22a367e788c',
21 silly publish   _from: '.' }
22 verbose getPublishConfig undefined
23 silly mapToRegistry name feng3dnpmtest
24 silly mapToRegistry using default registry
25 silly mapToRegistry registry https://registry.npmjs.org/
26 silly mapToRegistry data Result {
26 silly mapToRegistry   raw: 'feng3dnpmtest',
26 silly mapToRegistry   scope: null,
26 silly mapToRegistry   escapedName: 'feng3dnpmtest',
26 silly mapToRegistry   name: 'feng3dnpmtest',
26 silly mapToRegistry   rawSpec: '',
26 silly mapToRegistry   spec: 'latest',
26 silly mapToRegistry   type: 'tag' }
27 silly mapToRegistry uri https://registry.npmjs.org/feng3dnpmtest
28 verbose publish registryBase https://registry.npmjs.org/
29 silly publish uploading C:\Users\admin\AppData\Roaming\npm-cache\feng3dnpmtest\1.0.0\package.tgz
30 verbose request uri https://registry.npmjs.org/feng3dnpmtest
31 verbose request sending authorization for write operation
32 info attempt registry request try #1 at 20:07:55
33 verbose request using bearer token for auth
34 verbose request id 0fb3d3b6229116c5
35 http request PUT https://registry.npmjs.org/feng3dnpmtest
36 http 403 https://registry.npmjs.org/feng3dnpmtest
37 verbose headers { 'content-type': 'application/json',
37 verbose headers   'cache-control': 'max-age=300',
37 verbose headers   'content-length': '104',
37 verbose headers   'accept-ranges': 'bytes',
37 verbose headers   date: 'Tue, 22 Aug 2017 12:04:12 GMT',
37 verbose headers   via: '1.1 varnish',
37 verbose headers   connection: 'keep-alive',
37 verbose headers   'x-served-by': 'cache-nrt6134-NRT',
37 verbose headers   'x-cache': 'MISS',
37 verbose headers   'x-cache-hits': '0',
37 verbose headers   'x-timer': 'S1503403452.527505,VS0,VE699',
37 verbose headers   vary: 'Accept-Encoding, Accept' }
38 verbose request invalidating C:\Users\admin\AppData\Roaming\npm-cache\registry.npmjs.org\feng3dnpmtest on PUT
39 error publish Failed PUT 403
40 verbose stack Error: you must verify your email before publishing a new package: https://www.npmjs.com/email-edit : feng3dnpmtest
40 verbose stack     at makeError (D:\Program Files\nodejs\node_modules\npm\node_modules\npm-registry-client\lib\request.js:302:12)
40 verbose stack     at CachingRegistryClient.<anonymous> (D:\Program Files\nodejs\node_modules\npm\node_modules\npm-registry-client\lib\request.js:290:14)
40 verbose stack     at Request._callback (D:\Program Files\nodejs\node_modules\npm\node_modules\npm-registry-client\lib\request.js:210:14)
40 verbose stack     at Request.self.callback (D:\Program Files\nodejs\node_modules\npm\node_modules\request\request.js:187:22)
40 verbose stack     at emitTwo (events.js:106:13)
40 verbose stack     at Request.emit (events.js:191:7)
40 verbose stack     at Request.<anonymous> (D:\Program Files\nodejs\node_modules\npm\node_modules\request\request.js:1048:10)
40 verbose stack     at emitOne (events.js:96:13)
40 verbose stack     at Request.emit (events.js:188:7)
40 verbose stack     at IncomingMessage.<anonymous> (D:\Program Files\nodejs\node_modules\npm\node_modules\request\request.js:969:12)
41 verbose statusCode 403
42 verbose pkgid feng3dnpmtest
43 verbose cwd D:\feng\workspace\ts\feng3dnpmtest
44 error Windows_NT 10.0.14393
45 error argv "D:\\Program Files\\nodejs\\node.exe" "D:\\Program Files\\nodejs\\node_modules\\npm\\bin\\npm-cli.js" "publish"
46 error node v6.11.0
47 error npm  v3.10.10
48 error code E403
49 error you must verify your email before publishing a new package: https://www.npmjs.com/email-edit : feng3dnpmtest
50 error If you need help, you may report this error at:
50 error     <https://github.com/npm/npm/issues>
51 verbose exit [ 1, true ]
